<?xml version="1.0" encoding="UTF-8"?>
<!-- Generated by org.testng.reporters.JUnitReportReporter -->
<testsuite hostname="LAPTOP-U8VP21BR" failures="0" tests="1" name="LoginTestCases.AccountsTest" time="11.925" errors="0" timestamp="2024-04-08T10:31:38 EDT" skipped="0">
  <testcase classname="LoginTestCases.AccountsTest" name="TestCase10" time="11.925"/>
  <system-out/>
</testsuite> <!-- LoginTestCases.AccountsTest -->
