<?xml version="1.0" encoding="UTF-8"?>
<!-- Generated by org.testng.reporters.JUnitReportReporter -->
<testsuite hostname="LAPTOP-U8VP21BR" failures="0" tests="1" name="LoginTestCases.OppurtunityTest" time="7.630" errors="0" timestamp="2024-04-04T20:54:56 EDT" skipped="0">
  <testcase classname="LoginTestCases.OppurtunityTest" name="TestCase19" time="7.630"/>
  <system-out/>
</testsuite> <!-- LoginTestCases.OppurtunityTest -->
