<?xml version="1.0" encoding="UTF-8"?>
<!-- Generated by org.testng.reporters.JUnitReportReporter -->
<testsuite hostname="LAPTOP-U8VP21BR" failures="0" tests="1" name="LoginTestCases.LoginTest" time="7.305" errors="0" timestamp="2024-04-08T11:09:40 EDT" skipped="0">
  <testcase classname="LoginTestCases.LoginTest" name="RememberMeTestCase" time="7.305"/>
  <system-out/>
</testsuite> <!-- LoginTestCases.LoginTest -->
