<?xml version="1.0" encoding="UTF-8"?>
<!-- Generated by org.testng.reporters.JUnitReportReporter -->
<testsuite hostname="LAPTOP-U8VP21BR" failures="0" tests="1" name="LoginTestCases.LeadsTest" time="9.223" errors="0" timestamp="2024-04-04T21:55:49 EDT" skipped="0">
  <testcase classname="LoginTestCases.LeadsTest" name="NewLead" time="9.223"/>
  <system-out/>
</testsuite> <!-- LoginTestCases.LeadsTest -->
